Removed Pin From Net: NetName=NetIC1_2 Pin=J1-1
Removed Pin From Net: NetName=GND Pin=J1-2
Removed Member From Class: ClassName=STM8_Project_ver_1 Member=J1
Change Component Designator: OldDesignator=P1 NewDesignator=P2
Change Component Designator: OldDesignator=P2 NewDesignator=P3
Change Component Designator: OldDesignator=P3 NewDesignator=P4
Change Component Designator: OldDesignator=P4 NewDesignator=P5
Added Component: Designator=P1(HDR1X2)
Add component (AddParameter): Name = "LatestRevisionDate"; Value = "17-Jul-2002"; VariantName = "[No Variations]"
Add component (AddParameter): Name = "LatestRevisionNote"; Value = "Re-released for DXP Platform."; VariantName = "[No Variations]"
Add component (AddParameter): Name = "Publisher"; Value = "Altium Limited"; VariantName = "[No Variations]"
Added Pin To Net: NetName=GND Pin=P1-1
Added Pin To Net: NetName=NetIC1_2 Pin=P1-2
Change Net Name : Old Net Name=NetP1_1 New Net Name=NetP2_1
Change Net Name : Old Net Name=NetP2_2 New Net Name=NetP3_2
Change Net Name : Old Net Name=NetP2_3 New Net Name=NetP3_3
Change Net Name : Old Net Name=NetP4_2 New Net Name=NetP5_2
Added Member To Class: ClassName=STM8_Project_ver_1 Member=Component C2 UVC2G100MPD1TD
Added Member To Class: ClassName=STM8_Project_ver_1 Member=Component C4 0805
Added Member To Class: ClassName=STM8_Project_ver_1 Member=Component D1 SS13-LTP
Added Member To Class: ClassName=STM8_Project_ver_1 Member=Component L2 744053470
Added Member To Class: ClassName=STM8_Project_ver_1 Member=Component P5 Header 4 (SWIM)
Added Member To Class: ClassName=STM8_Project_ver_1 Member=Component R9 0603
Added Room: Name=STM8_Project_ver_1
